\BOOKMARK [0][-]{chapter.1}{\376\377\000D\000a\000t\000a\000\040\000S\000t\000r\000u\000c\000t\000u\000r\000e\000\040\000D\000o\000c\000u\000m\000e\000n\000t\000a\000t\000i\000o\000n}{}
\BOOKMARK [1][-]{section.1.1}{\376\377\000A\000n\000n\000o\000t\000a\000t\000e\000P\000o\000s\000\040\000C\000l\000a\000s\000s\000\040\000R\000e\000f\000e\000r\000e\000n\000c\000e}{chapter.1}
\BOOKMARK [2][-]{subsection.1.1.1}{\376\377\000M\000e\000m\000b\000e\000r\000\040\000F\000u\000n\000c\000t\000i\000o\000n\000\040\000D\000o\000c\000u\000m\000e\000n\000t\000a\000t\000i\000o\000n}{section.1.1}
\BOOKMARK [3][-]{subsubsection.1.1.1.1}{\376\377\000m\000o\000u\000s\000e\000H\000a\000n\000d\000l\000e\000r\000A\000n\000n}{subsection.1.1.1}
\BOOKMARK [3][-]{subsubsection.1.1.1.2}{\376\377\000r\000u\000n\000A\000n\000n}{subsection.1.1.1}
\BOOKMARK [3][-]{subsubsection.1.1.1.3}{\376\377\000r\000u\000n\000A\000n\000n\000M\000e\000r\000g\000i\000n\000g}{subsection.1.1.1}
\BOOKMARK [3][-]{subsubsection.1.1.1.4}{\376\377\000r\000u\000n\000A\000n\000n\000E\000v\000a\000l\000u\000a\000t\000i\000o\000n}{subsection.1.1.1}
\BOOKMARK [1][-]{section.1.2}{\376\377\000B\000a\000c\000k\000g\000r\000o\000u\000n\000d\000\040\000C\000l\000a\000s\000s\000\040\000R\000e\000f\000e\000r\000e\000n\000c\000e}{chapter.1}
\BOOKMARK [1][-]{section.1.3}{\376\377\000f\000i\000n\000d\000P\000e\000r\000s\000o\000n\000I\000m\000a\000g\000e\000\040\000C\000l\000a\000s\000s\000\040\000R\000e\000f\000e\000r\000e\000n\000c\000e}{chapter.1}
\BOOKMARK [2][-]{subsection.1.3.1}{\376\377\000M\000e\000m\000b\000e\000r\000\040\000F\000u\000n\000c\000t\000i\000o\000n\000\040\000D\000o\000c\000u\000m\000e\000n\000t\000a\000t\000i\000o\000n}{section.1.3}
\BOOKMARK [3][-]{subsubsection.1.3.1.1}{\376\377\000r\000u\000n}{subsection.1.3.1}
\BOOKMARK [1][-]{section.1.4}{\376\377\000f\000i\000n\000d\000P\000e\000r\000s\000o\000n\000S\000t\000r\000e\000a\000m\000\040\000C\000l\000a\000s\000s\000\040\000R\000e\000f\000e\000r\000e\000n\000c\000e}{chapter.1}
\BOOKMARK [2][-]{subsection.1.4.1}{\376\377\000M\000e\000m\000b\000e\000r\000\040\000F\000u\000n\000c\000t\000i\000o\000n\000\040\000D\000o\000c\000u\000m\000e\000n\000t\000a\000t\000i\000o\000n}{section.1.4}
\BOOKMARK [3][-]{subsubsection.1.4.1.1}{\376\377\000r\000u\000n}{subsection.1.4.1}
\BOOKMARK [1][-]{section.1.5}{\376\377\000I\000m\000a\000g\000e\000\137\000t\000\040\000S\000t\000r\000u\000c\000t\000\040\000R\000e\000f\000e\000r\000e\000n\000c\000e}{chapter.1}
\BOOKMARK [1][-]{section.1.6}{\376\377\000I\000m\000g\000P\000r\000o\000d\000u\000c\000e\000r\000\040\000C\000l\000a\000s\000s\000\040\000R\000e\000f\000e\000r\000e\000n\000c\000e}{chapter.1}
\BOOKMARK [1][-]{section.1.7}{\376\377\000p\000a\000r\000a\000m\000e\000t\000e\000r\000\137\000t\000\040\000S\000t\000r\000u\000c\000t\000\040\000R\000e\000f\000e\000r\000e\000n\000c\000e}{chapter.1}
\BOOKMARK [1][-]{section.1.8}{\376\377\000p\000o\000s\000i\000t\000i\000o\000n\000s\000\137\000t\000\040\000S\000t\000r\000u\000c\000t\000\040\000R\000e\000f\000e\000r\000e\000n\000c\000e}{chapter.1}
\BOOKMARK [1][-]{section.1.9}{\376\377\000s\000c\000a\000n\000l\000i\000n\000e\000\137\000t\000\040\000S\000t\000r\000u\000c\000t\000\040\000R\000e\000f\000e\000r\000e\000n\000c\000e}{chapter.1}
\BOOKMARK [1][-]{section.1.10}{\376\377\000t\000r\000a\000c\000k\000\137\000t\000\040\000S\000t\000r\000u\000c\000t\000\040\000R\000e\000f\000e\000r\000e\000n\000c\000e}{chapter.1}
