\BOOKMARK [0][-]{chapter.1}{\376\377\000D\000a\000t\000a\000\040\000S\000t\000r\000u\000c\000t\000u\000r\000e\000\040\000D\000o\000c\000u\000m\000e\000n\000t\000a\000t\000i\000o\000n}{}
\BOOKMARK [1][-]{section.1.1}{\376\377\000a\000n\000n\000o\000t\000a\000t\000i\000o\000n\000s\000H\000a\000n\000d\000l\000e\000:\000:\000A\000N\000N\000O\000T\000A\000T\000I\000O\000N\000\040\000S\000t\000r\000u\000c\000t\000\040\000R\000e\000f\000e\000r\000e\000n\000c\000e}{chapter.1}
\BOOKMARK [1][-]{section.1.2}{\376\377\000a\000n\000n\000o\000t\000a\000t\000i\000o\000n\000s\000H\000a\000n\000d\000l\000e\000\040\000C\000l\000a\000s\000s\000\040\000R\000e\000f\000e\000r\000e\000n\000c\000e}{chapter.1}
\BOOKMARK [2][-]{subsection.1.2.1}{\376\377\000M\000e\000m\000b\000e\000r\000\040\000F\000u\000n\000c\000t\000i\000o\000n\000\040\000D\000o\000c\000u\000m\000e\000n\000t\000a\000t\000i\000o\000n}{section.1.2}
\BOOKMARK [3][-]{subsubsection.1.2.1.1}{\376\377\000r\000u\000n\000A\000n\000n}{subsection.1.2.1}
\BOOKMARK [3][-]{subsubsection.1.2.1.2}{\376\377\000r\000u\000n\000E\000v\000a\000l\000u\000a\000t\000i\000o\000n}{subsection.1.2.1}
\BOOKMARK [2][-]{subsection.1.2.2}{\376\377\000F\000i\000e\000l\000d\000\040\000D\000o\000c\000u\000m\000e\000n\000t\000a\000t\000i\000o\000n}{section.1.2}
\BOOKMARK [3][-]{subsubsection.1.2.2.1}{\376\377\000i\000m\000a\000g\000e}{subsection.1.2.2}
\BOOKMARK [1][-]{section.1.3}{\376\377\000a\000n\000n\000o\000t\000a\000t\000i\000o\000n\000s\000H\000a\000n\000d\000l\000e\000:\000:\000A\000S\000S\000I\000G\000N\000E\000D\000\040\000S\000t\000r\000u\000c\000t\000\040\000R\000e\000f\000e\000r\000e\000n\000c\000e}{chapter.1}
\BOOKMARK [1][-]{section.1.4}{\376\377\000c\000h\000o\000l\000e\000s\000k\000y\000\040\000C\000l\000a\000s\000s\000\040\000R\000e\000f\000e\000r\000e\000n\000c\000e}{chapter.1}
\BOOKMARK [1][-]{section.1.5}{\376\377\000c\000l\000a\000s\000s\000i\000f\000y\000I\000m\000a\000g\000e\000s\000\040\000C\000l\000a\000s\000s\000\040\000R\000e\000f\000e\000r\000e\000n\000c\000e}{chapter.1}
\BOOKMARK [1][-]{section.1.6}{\376\377\000c\000o\000m\000p\000a\000r\000e\000I\000m\000g\000\040\000S\000t\000r\000u\000c\000t\000\040\000R\000e\000f\000e\000r\000e\000n\000c\000e}{chapter.1}
\BOOKMARK [1][-]{section.1.7}{\376\377\000f\000e\000a\000t\000u\000r\000e\000E\000x\000t\000r\000a\000c\000t\000o\000r\000\040\000C\000l\000a\000s\000s\000\040\000R\000e\000f\000e\000r\000e\000n\000c\000e}{chapter.1}
\BOOKMARK [2][-]{subsection.1.7.1}{\376\377\000M\000e\000m\000b\000e\000r\000\040\000F\000u\000n\000c\000t\000i\000o\000n\000\040\000D\000o\000c\000u\000m\000e\000n\000t\000a\000t\000i\000o\000n}{section.1.7}
\BOOKMARK [3][-]{subsubsection.1.7.1.1}{\376\377\000i\000n\000i\000t\000S\000I\000F\000T}{subsection.1.7.1}
\BOOKMARK [1][-]{section.1.8}{\376\377\000a\000n\000n\000o\000t\000a\000t\000i\000o\000n\000s\000H\000a\000n\000d\000l\000e\000:\000:\000F\000U\000L\000L\000\137\000A\000N\000N\000O\000T\000A\000T\000I\000O\000N\000S\000\040\000S\000t\000r\000u\000c\000t\000\040\000R\000e\000f\000e\000r\000e\000n\000c\000e}{chapter.1}
\BOOKMARK [1][-]{section.1.9}{\376\377\000g\000a\000u\000s\000s\000i\000a\000n\000P\000r\000o\000c\000e\000s\000s\000\040\000C\000l\000a\000s\000s\000\040\000R\000e\000f\000e\000r\000e\000n\000c\000e}{chapter.1}
\BOOKMARK [1][-]{section.1.10}{\376\377\000f\000e\000a\000t\000u\000r\000e\000E\000x\000t\000r\000a\000c\000t\000o\000r\000:\000:\000k\000e\000y\000D\000e\000s\000c\000r\000\040\000S\000t\000r\000u\000c\000t\000\040\000R\000e\000f\000e\000r\000e\000n\000c\000e}{chapter.1}
\BOOKMARK [1][-]{section.1.11}{\376\377\000o\000n\000S\000c\000a\000n\000l\000i\000n\000e\000\040\000S\000t\000r\000u\000c\000t\000\040\000R\000e\000f\000e\000r\000e\000n\000c\000e}{chapter.1}
\BOOKMARK [1][-]{section.1.12}{\376\377\000f\000e\000a\000t\000u\000r\000e\000E\000x\000t\000r\000a\000c\000t\000o\000r\000:\000:\000p\000e\000o\000p\000l\000e\000\040\000S\000t\000r\000u\000c\000t\000\040\000R\000e\000f\000e\000r\000e\000n\000c\000e}{chapter.1}
\BOOKMARK [1][-]{section.1.13}{\376\377\000p\000e\000o\000p\000l\000e\000D\000e\000t\000e\000c\000t\000o\000r\000\040\000C\000l\000a\000s\000s\000\040\000R\000e\000f\000e\000r\000e\000n\000c\000e}{chapter.1}
\BOOKMARK [2][-]{subsection.1.13.1}{\376\377\000F\000i\000e\000l\000d\000\040\000D\000o\000c\000u\000m\000e\000n\000t\000a\000t\000i\000o\000n}{section.1.13}
\BOOKMARK [3][-]{subsubsection.1.13.1.1}{\376\377\000d\000a\000t\000a}{subsection.1.13.1}
\BOOKMARK [1][-]{section.1.14}{\376\377\000g\000a\000u\000s\000s\000i\000a\000n\000P\000r\000o\000c\000e\000s\000s\000:\000:\000p\000r\000e\000d\000i\000c\000t\000i\000o\000n\000\040\000S\000t\000r\000u\000c\000t\000\040\000R\000e\000f\000e\000r\000e\000n\000c\000e}{chapter.1}
\BOOKMARK [1][-]{section.1.15}{\376\377\000f\000e\000a\000t\000u\000r\000e\000E\000x\000t\000r\000a\000c\000t\000o\000r\000:\000:\000t\000e\000m\000p\000l\000\040\000S\000t\000r\000u\000c\000t\000\040\000R\000e\000f\000e\000r\000e\000n\000c\000e}{chapter.1}
